<?xml version="1.0" encoding="UTF-8"?>
<testng-results ignored="0" total="2" passed="2" failed="0" skipped="0">
  <reporter-output>
  </reporter-output>
  <suite started-at="2023-01-30T17:01:43 IST" name="Suite" finished-at="2023-01-30T17:01:52 IST" duration-ms="8107">
    <groups>
    </groups>
    <test started-at="2023-01-30T17:01:43 IST" name="Test" finished-at="2023-01-30T17:01:52 IST" duration-ms="8107">
      <class name="com.test.HomePageTestCases">
        <test-method is-config="true" signature="setUp()[pri:0, instance:com.test.HomePageTestCases@7ef82753]" started-at="2023-01-30T17:01:43 IST" name="setUp" finished-at="2023-01-30T17:01:49 IST" duration-ms="5861" status="PASS">
          <reporter-output>
          </reporter-output>
        </test-method> <!-- setUp -->
        <test-method signature="clickOnLoginButton()[pri:0, instance:com.test.HomePageTestCases@7ef82753]" started-at="2023-01-30T17:01:49 IST" name="clickOnLoginButton" finished-at="2023-01-30T17:01:50 IST" duration-ms="967" status="PASS">
          <reporter-output>
          </reporter-output>
        </test-method> <!-- clickOnLoginButton -->
        <test-method signature="clickOnsignUpButton()[pri:0, instance:com.test.HomePageTestCases@7ef82753]" started-at="2023-01-30T17:01:50 IST" name="clickOnsignUpButton" finished-at="2023-01-30T17:01:52 IST" duration-ms="1181" status="PASS">
          <reporter-output>
          </reporter-output>
        </test-method> <!-- clickOnsignUpButton -->
      </class> <!-- com.test.HomePageTestCases -->
    </test> <!-- Test -->
  </suite> <!-- Suite -->
</testng-results>
